{"/home/abraham/Escritorio/WOMPI/checkout-frontend/src/hooks/useCheckout.js": {"path":"/home/abraham/Escritorio/WOMPI/checkout-frontend/src/hooks/useCheckout.js","statementMap":{"0":{"start":{"line":15,"column":19},"end":{"line":15,"column":32}},"1":{"start":{"line":16,"column":19},"end":{"line":16,"column":32}},"2":{"start":{"line":18,"column":26},"end":{"line":24,"column":4}},"3":{"start":{"line":26,"column":34},"end":{"line":26,"column":48}},"4":{"start":{"line":27,"column":44},"end":{"line":27,"column":59}},"5":{"start":{"line":28,"column":42},"end":{"line":28,"column":57}},"6":{"start":{"line":30,"column":27},"end":{"line":31,"column":61}},"7":{"start":{"line":31,"column":4},"end":{"line":31,"column":61}},"8":{"start":{"line":33,"column":23},"end":{"line":46,"column":3}},"9":{"start":{"line":34,"column":26},"end":{"line":34,"column":34}},"10":{"start":{"line":36,"column":4},"end":{"line":40,"column":5}},"11":{"start":{"line":37,"column":6},"end":{"line":37,"column":38}},"12":{"start":{"line":38,"column":23},"end":{"line":38,"column":42}},"13":{"start":{"line":39,"column":6},"end":{"line":39,"column":47}},"14":{"start":{"line":42,"column":4},"end":{"line":45,"column":8}},"15":{"start":{"line":42,"column":23},"end":{"line":45,"column":5}},"16":{"start":{"line":48,"column":23},"end":{"line":80,"column":3}},"17":{"start":{"line":49,"column":4},"end":{"line":52,"column":5}},"18":{"start":{"line":50,"column":6},"end":{"line":50,"column":41}},"19":{"start":{"line":51,"column":6},"end":{"line":51,"column":19}},"20":{"start":{"line":54,"column":4},"end":{"line":57,"column":5}},"21":{"start":{"line":55,"column":6},"end":{"line":55,"column":41}},"22":{"start":{"line":56,"column":6},"end":{"line":56,"column":19}},"23":{"start":{"line":59,"column":4},"end":{"line":62,"column":5}},"24":{"start":{"line":60,"column":6},"end":{"line":60,"column":33}},"25":{"start":{"line":61,"column":6},"end":{"line":61,"column":19}},"26":{"start":{"line":64,"column":4},"end":{"line":67,"column":5}},"27":{"start":{"line":65,"column":6},"end":{"line":65,"column":49}},"28":{"start":{"line":66,"column":6},"end":{"line":66,"column":19}},"29":{"start":{"line":69,"column":4},"end":{"line":72,"column":5}},"30":{"start":{"line":70,"column":6},"end":{"line":70,"column":58}},"31":{"start":{"line":71,"column":6},"end":{"line":71,"column":19}},"32":{"start":{"line":74,"column":4},"end":{"line":77,"column":5}},"33":{"start":{"line":75,"column":6},"end":{"line":75,"column":53}},"34":{"start":{"line":76,"column":6},"end":{"line":76,"column":19}},"35":{"start":{"line":79,"column":4},"end":{"line":79,"column":16}},"36":{"start":{"line":82,"column":23},"end":{"line":87,"column":3}},"37":{"start":{"line":83,"column":4},"end":{"line":83,"column":32}},"38":{"start":{"line":83,"column":25},"end":{"line":83,"column":32}},"39":{"start":{"line":85,"column":4},"end":{"line":85,"column":48}},"40":{"start":{"line":86,"column":4},"end":{"line":86,"column":25}},"41":{"start":{"line":89,"column":2},"end":{"line":98,"column":4}}},"fnMap":{"0":{"name":"useCheckout","decl":{"start":{"line":14,"column":16},"end":{"line":14,"column":27}},"loc":{"start":{"line":14,"column":37},"end":{"line":99,"column":1}},"line":14},"1":{"name":"(anonymous_1)","decl":{"start":{"line":30,"column":27},"end":{"line":30,"column":28}},"loc":{"start":{"line":31,"column":4},"end":{"line":31,"column":61}},"line":31},"2":{"name":"(anonymous_2)","decl":{"start":{"line":33,"column":23},"end":{"line":33,"column":24}},"loc":{"start":{"line":33,"column":30},"end":{"line":46,"column":3}},"line":33},"3":{"name":"(anonymous_3)","decl":{"start":{"line":42,"column":12},"end":{"line":42,"column":13}},"loc":{"start":{"line":42,"column":23},"end":{"line":45,"column":5}},"line":42},"4":{"name":"(anonymous_4)","decl":{"start":{"line":48,"column":23},"end":{"line":48,"column":24}},"loc":{"start":{"line":48,"column":29},"end":{"line":80,"column":3}},"line":48},"5":{"name":"(anonymous_5)","decl":{"start":{"line":82,"column":23},"end":{"line":82,"column":24}},"loc":{"start":{"line":82,"column":29},"end":{"line":87,"column":3}},"line":82}},"branchMap":{"0":{"loc":{"start":{"line":36,"column":4},"end":{"line":40,"column":5}},"type":"if","locations":[{"start":{"line":36,"column":4},"end":{"line":40,"column":5}},{"start":{},"end":{}}],"line":36},"1":{"loc":{"start":{"line":39,"column":18},"end":{"line":39,"column":45}},"type":"binary-expr","locations":[{"start":{"line":39,"column":18},"end":{"line":39,"column":37}},{"start":{"line":39,"column":41},"end":{"line":39,"column":45}}],"line":39},"2":{"loc":{"start":{"line":49,"column":4},"end":{"line":52,"column":5}},"type":"if","locations":[{"start":{"line":49,"column":4},"end":{"line":52,"column":5}},{"start":{},"end":{}}],"line":49},"3":{"loc":{"start":{"line":54,"column":4},"end":{"line":57,"column":5}},"type":"if","locations":[{"start":{"line":54,"column":4},"end":{"line":57,"column":5}},{"start":{},"end":{}}],"line":54},"4":{"loc":{"start":{"line":59,"column":4},"end":{"line":62,"column":5}},"type":"if","locations":[{"start":{"line":59,"column":4},"end":{"line":62,"column":5}},{"start":{},"end":{}}],"line":59},"5":{"loc":{"start":{"line":64,"column":4},"end":{"line":67,"column":5}},"type":"if","locations":[{"start":{"line":64,"column":4},"end":{"line":67,"column":5}},{"start":{},"end":{}}],"line":64},"6":{"loc":{"start":{"line":69,"column":4},"end":{"line":72,"column":5}},"type":"if","locations":[{"start":{"line":69,"column":4},"end":{"line":72,"column":5}},{"start":{},"end":{}}],"line":69},"7":{"loc":{"start":{"line":74,"column":4},"end":{"line":77,"column":5}},"type":"if","locations":[{"start":{"line":74,"column":4},"end":{"line":77,"column":5}},{"start":{},"end":{}}],"line":74},"8":{"loc":{"start":{"line":83,"column":4},"end":{"line":83,"column":32}},"type":"if","locations":[{"start":{"line":83,"column":4},"end":{"line":83,"column":32}},{"start":{},"end":{}}],"line":83}},"s":{"0":11,"1":11,"2":11,"3":11,"4":11,"5":11,"6":11,"7":1,"8":11,"9":2,"10":2,"11":1,"12":1,"13":1,"14":2,"15":2,"16":11,"17":6,"18":1,"19":1,"20":5,"21":1,"22":1,"23":4,"24":1,"25":1,"26":3,"27":1,"28":1,"29":2,"30":1,"31":1,"32":1,"33":0,"34":0,"35":1,"36":11,"37":6,"38":5,"39":1,"40":1,"41":11},"f":{"0":11,"1":1,"2":2,"3":2,"4":6,"5":6},"b":{"0":[1,1],"1":[1,0],"2":[1,5],"3":[1,4],"4":[1,3],"5":[1,2],"6":[1,1],"7":[0,1],"8":[5,1]},"_coverageSchema":"1a1c01bbd47fc00a2c39e90264f33305004495a9","hash":"dc14af66ff0f7d75387b4fdb8aeba48c1a936894"}
,"/home/abraham/Escritorio/WOMPI/checkout-frontend/src/hooks/usePayment.js": {"path":"/home/abraham/Escritorio/WOMPI/checkout-frontend/src/hooks/usePayment.js","statementMap":{"0":{"start":{"line":7,"column":32},"end":{"line":7,"column":47}},"1":{"start":{"line":8,"column":19},"end":{"line":8,"column":32}},"2":{"start":{"line":10,"column":24},"end":{"line":38,"column":3}},"3":{"start":{"line":11,"column":4},"end":{"line":11,"column":21}},"4":{"start":{"line":13,"column":4},"end":{"line":37,"column":5}},"5":{"start":{"line":14,"column":19},"end":{"line":22,"column":7}},"6":{"start":{"line":24,"column":18},"end":{"line":24,"column":58}},"7":{"start":{"line":26,"column":22},"end":{"line":26,"column":53}},"8":{"start":{"line":27,"column":28},"end":{"line":27,"column":54}},"9":{"start":{"line":29,"column":6},"end":{"line":29,"column":46}},"10":{"start":{"line":32,"column":6},"end":{"line":35,"column":9}},"11":{"start":{"line":36,"column":6},"end":{"line":36,"column":24}},"12":{"start":{"line":40,"column":26},"end":{"line":75,"column":3}},"13":{"start":{"line":41,"column":19},"end":{"line":41,"column":20}},"14":{"start":{"line":43,"column":21},"end":{"line":74,"column":12}},"15":{"start":{"line":44,"column":6},"end":{"line":73,"column":7}},"16":{"start":{"line":45,"column":8},"end":{"line":45,"column":19}},"17":{"start":{"line":47,"column":20},"end":{"line":47,"column":57}},"18":{"start":{"line":48,"column":23},"end":{"line":48,"column":43}},"19":{"start":{"line":50,"column":8},"end":{"line":54,"column":9}},"20":{"start":{"line":51,"column":10},"end":{"line":51,"column":34}},"21":{"start":{"line":52,"column":10},"end":{"line":52,"column":68}},"22":{"start":{"line":53,"column":10},"end":{"line":53,"column":60}},"23":{"start":{"line":56,"column":8},"end":{"line":60,"column":9}},"24":{"start":{"line":57,"column":10},"end":{"line":57,"column":34}},"25":{"start":{"line":58,"column":10},"end":{"line":58,"column":67}},"26":{"start":{"line":59,"column":10},"end":{"line":59,"column":60}},"27":{"start":{"line":62,"column":8},"end":{"line":65,"column":9}},"28":{"start":{"line":63,"column":10},"end":{"line":63,"column":34}},"29":{"start":{"line":64,"column":10},"end":{"line":64,"column":59}},"30":{"start":{"line":68,"column":8},"end":{"line":68,"column":32}},"31":{"start":{"line":69,"column":8},"end":{"line":69,"column":65}},"32":{"start":{"line":70,"column":8},"end":{"line":70,"column":55}},"33":{"start":{"line":72,"column":8},"end":{"line":72,"column":26}},"34":{"start":{"line":77,"column":2},"end":{"line":80,"column":4}}},"fnMap":{"0":{"name":"usePayment","decl":{"start":{"line":6,"column":16},"end":{"line":6,"column":26}},"loc":{"start":{"line":6,"column":42},"end":{"line":81,"column":1}},"line":6},"1":{"name":"(anonymous_1)","decl":{"start":{"line":10,"column":24},"end":{"line":10,"column":25}},"loc":{"start":{"line":10,"column":36},"end":{"line":38,"column":3}},"line":10},"2":{"name":"(anonymous_2)","decl":{"start":{"line":40,"column":26},"end":{"line":40,"column":27}},"loc":{"start":{"line":40,"column":54},"end":{"line":75,"column":3}},"line":40},"3":{"name":"(anonymous_3)","decl":{"start":{"line":43,"column":33},"end":{"line":43,"column":34}},"loc":{"start":{"line":43,"column":45},"end":{"line":74,"column":5}},"line":43}},"branchMap":{"0":{"loc":{"start":{"line":50,"column":8},"end":{"line":54,"column":9}},"type":"if","locations":[{"start":{"line":50,"column":8},"end":{"line":54,"column":9}},{"start":{},"end":{}}],"line":50},"1":{"loc":{"start":{"line":56,"column":8},"end":{"line":60,"column":9}},"type":"if","locations":[{"start":{"line":56,"column":8},"end":{"line":60,"column":9}},{"start":{},"end":{}}],"line":56},"2":{"loc":{"start":{"line":62,"column":8},"end":{"line":65,"column":9}},"type":"if","locations":[{"start":{"line":62,"column":8},"end":{"line":65,"column":9}},{"start":{},"end":{}}],"line":62}},"s":{"0":12,"1":12,"2":12,"3":5,"4":5,"5":5,"6":5,"7":4,"8":4,"9":4,"10":1,"11":1,"12":12,"13":4,"14":4,"15":14,"16":14,"17":14,"18":13,"19":13,"20":1,"21":1,"22":1,"23":13,"24":1,"25":1,"26":1,"27":13,"28":1,"29":1,"30":1,"31":1,"32":1,"33":14,"34":12},"f":{"0":12,"1":5,"2":4,"3":14},"b":{"0":[1,12],"1":[1,12],"2":[1,12]},"_coverageSchema":"1a1c01bbd47fc00a2c39e90264f33305004495a9","hash":"c3eb811f04f0f19d2c06fd6c8a578bd1b6a8afb0"}
,"/home/abraham/Escritorio/WOMPI/checkout-frontend/src/hooks/useProducts.js": {"path":"/home/abraham/Escritorio/WOMPI/checkout-frontend/src/hooks/useProducts.js","statementMap":{"0":{"start":{"line":5,"column":34},"end":{"line":5,"column":46}},"1":{"start":{"line":6,"column":32},"end":{"line":6,"column":46}},"2":{"start":{"line":8,"column":24},"end":{"line":17,"column":3}},"3":{"start":{"line":9,"column":4},"end":{"line":16,"column":5}},"4":{"start":{"line":10,"column":18},"end":{"line":10,"column":44}},"5":{"start":{"line":11,"column":6},"end":{"line":11,"column":28}},"6":{"start":{"line":13,"column":6},"end":{"line":13,"column":54}},"7":{"start":{"line":15,"column":6},"end":{"line":15,"column":24}},"8":{"start":{"line":19,"column":2},"end":{"line":21,"column":9}},"9":{"start":{"line":20,"column":4},"end":{"line":20,"column":20}},"10":{"start":{"line":23,"column":28},"end":{"line":23,"column":61}},"11":{"start":{"line":23,"column":49},"end":{"line":23,"column":60}},"12":{"start":{"line":25,"column":2},"end":{"line":28,"column":4}}},"fnMap":{"0":{"name":"useProducts","decl":{"start":{"line":4,"column":16},"end":{"line":4,"column":27}},"loc":{"start":{"line":4,"column":30},"end":{"line":29,"column":1}},"line":4},"1":{"name":"(anonymous_1)","decl":{"start":{"line":8,"column":24},"end":{"line":8,"column":25}},"loc":{"start":{"line":8,"column":36},"end":{"line":17,"column":3}},"line":8},"2":{"name":"(anonymous_2)","decl":{"start":{"line":19,"column":12},"end":{"line":19,"column":13}},"loc":{"start":{"line":19,"column":18},"end":{"line":21,"column":3}},"line":19},"3":{"name":"(anonymous_3)","decl":{"start":{"line":23,"column":44},"end":{"line":23,"column":45}},"loc":{"start":{"line":23,"column":49},"end":{"line":23,"column":60}},"line":23}},"branchMap":{},"s":{"0":8,"1":8,"2":8,"3":4,"4":4,"5":3,"6":1,"7":4,"8":8,"9":4,"10":8,"11":4,"12":8},"f":{"0":8,"1":4,"2":4,"3":4},"b":{},"_coverageSchema":"1a1c01bbd47fc00a2c39e90264f33305004495a9","hash":"339a33ca4033d4ef85317b700a9911e2da8b3899"}
,"/home/abraham/Escritorio/WOMPI/checkout-frontend/src/pages/CheckoutPage.jsx": {"path":"/home/abraham/Escritorio/WOMPI/checkout-frontend/src/pages/CheckoutPage.jsx","statementMap":{"0":{"start":{"line":7,"column":18},"end":{"line":7,"column":63}},"1":{"start":{"line":7,"column":41},"end":{"line":7,"column":62}},"2":{"start":{"line":8,"column":19},"end":{"line":8,"column":32}},"3":{"start":{"line":10,"column":2},"end":{"line":12,"column":9}},"4":{"start":{"line":11,"column":4},"end":{"line":11,"column":32}},"5":{"start":{"line":23,"column":6},"end":{"line":23,"column":26}},"6":{"start":{"line":25,"column":2},"end":{"line":166,"column":4}},"7":{"start":{"line":136,"column":35},"end":{"line":136,"column":69}},"8":{"start":{"line":147,"column":35},"end":{"line":147,"column":68}}},"fnMap":{"0":{"name":"CheckoutPage","decl":{"start":{"line":6,"column":24},"end":{"line":6,"column":36}},"loc":{"start":{"line":6,"column":39},"end":{"line":167,"column":1}},"line":6},"1":{"name":"(anonymous_1)","decl":{"start":{"line":7,"column":30},"end":{"line":7,"column":31}},"loc":{"start":{"line":7,"column":41},"end":{"line":7,"column":62}},"line":7},"2":{"name":"(anonymous_2)","decl":{"start":{"line":10,"column":12},"end":{"line":10,"column":13}},"loc":{"start":{"line":10,"column":18},"end":{"line":12,"column":3}},"line":10},"3":{"name":"(anonymous_3)","decl":{"start":{"line":136,"column":28},"end":{"line":136,"column":29}},"loc":{"start":{"line":136,"column":35},"end":{"line":136,"column":69}},"line":136},"4":{"name":"(anonymous_4)","decl":{"start":{"line":147,"column":28},"end":{"line":147,"column":29}},"loc":{"start":{"line":147,"column":35},"end":{"line":147,"column":68}},"line":147}},"branchMap":{"0":{"loc":{"start":{"line":85,"column":19},"end":{"line":87,"column":19}},"type":"binary-expr","locations":[{"start":{"line":85,"column":19},"end":{"line":85,"column":38}},{"start":{"line":86,"column":20},"end":{"line":86,"column":85}}],"line":85},"1":{"loc":{"start":{"line":88,"column":19},"end":{"line":90,"column":19}},"type":"binary-expr","locations":[{"start":{"line":88,"column":19},"end":{"line":88,"column":44}},{"start":{"line":89,"column":20},"end":{"line":89,"column":96}}],"line":88}},"s":{"0":8,"1":16,"2":8,"3":8,"4":8,"5":8,"6":8,"7":1,"8":1},"f":{"0":8,"1":16,"2":8,"3":1,"4":1},"b":{"0":[8,1],"1":[8,1]},"_coverageSchema":"1a1c01bbd47fc00a2c39e90264f33305004495a9","hash":"9daccfe40a218dd996506af9591938db987b2876"}
,"/home/abraham/Escritorio/WOMPI/checkout-frontend/src/pages/ProductPage.jsx": {"path":"/home/abraham/Escritorio/WOMPI/checkout-frontend/src/pages/ProductPage.jsx","statementMap":{"0":{"start":{"line":7,"column":32},"end":{"line":7,"column":45}},"1":{"start":{"line":8,"column":19},"end":{"line":8,"column":32}},"2":{"start":{"line":9,"column":19},"end":{"line":9,"column":32}},"3":{"start":{"line":11,"column":30},"end":{"line":14,"column":3}},"4":{"start":{"line":12,"column":4},"end":{"line":12,"column":42}},"5":{"start":{"line":13,"column":4},"end":{"line":13,"column":26}},"6":{"start":{"line":16,"column":2},"end":{"line":16,"column":40}},"7":{"start":{"line":16,"column":15},"end":{"line":16,"column":40}},"8":{"start":{"line":18,"column":2},"end":{"line":53,"column":4}},"9":{"start":{"line":24,"column":10},"end":{"line":49,"column":16}},"10":{"start":{"line":43,"column":33},"end":{"line":43,"column":55}}},"fnMap":{"0":{"name":"ProductPage","decl":{"start":{"line":6,"column":24},"end":{"line":6,"column":35}},"loc":{"start":{"line":6,"column":38},"end":{"line":54,"column":1}},"line":6},"1":{"name":"(anonymous_1)","decl":{"start":{"line":11,"column":30},"end":{"line":11,"column":31}},"loc":{"start":{"line":11,"column":43},"end":{"line":14,"column":3}},"line":11},"2":{"name":"(anonymous_2)","decl":{"start":{"line":23,"column":22},"end":{"line":23,"column":23}},"loc":{"start":{"line":24,"column":10},"end":{"line":49,"column":16}},"line":24},"3":{"name":"(anonymous_3)","decl":{"start":{"line":43,"column":27},"end":{"line":43,"column":28}},"loc":{"start":{"line":43,"column":33},"end":{"line":43,"column":55}},"line":43}},"branchMap":{"0":{"loc":{"start":{"line":16,"column":2},"end":{"line":16,"column":40}},"type":"if","locations":[{"start":{"line":16,"column":2},"end":{"line":16,"column":40}},{"start":{},"end":{}}],"line":16}},"s":{"0":6,"1":6,"2":6,"3":6,"4":1,"5":1,"6":6,"7":1,"8":5,"9":6,"10":1},"f":{"0":6,"1":1,"2":6,"3":1},"b":{"0":[1,5]},"_coverageSchema":"1a1c01bbd47fc00a2c39e90264f33305004495a9","hash":"8a93ed77e78560a604251e58ff664c5f70dcc774"}
,"/home/abraham/Escritorio/WOMPI/checkout-frontend/src/pages/ResultPage.jsx": {"path":"/home/abraham/Escritorio/WOMPI/checkout-frontend/src/pages/ResultPage.jsx","statementMap":{"0":{"start":{"line":5,"column":16},"end":{"line":5,"column":57}},"1":{"start":{"line":6,"column":19},"end":{"line":6,"column":32}},"2":{"start":{"line":7,"column":17},"end":{"line":7,"column":36}},"3":{"start":{"line":9,"column":2},"end":{"line":55,"column":4}},"4":{"start":{"line":47,"column":27},"end":{"line":47,"column":40}}},"fnMap":{"0":{"name":"ResultPage","decl":{"start":{"line":4,"column":24},"end":{"line":4,"column":34}},"loc":{"start":{"line":4,"column":37},"end":{"line":56,"column":1}},"line":4},"1":{"name":"(anonymous_1)","decl":{"start":{"line":47,"column":21},"end":{"line":47,"column":22}},"loc":{"start":{"line":47,"column":27},"end":{"line":47,"column":40}},"line":47}},"branchMap":{"0":{"loc":{"start":{"line":14,"column":13},"end":{"line":14,"column":48}},"type":"binary-expr","locations":[{"start":{"line":14,"column":13},"end":{"line":14,"column":34}},{"start":{"line":14,"column":38},"end":{"line":14,"column":48}}],"line":14},"1":{"loc":{"start":{"line":15,"column":13},"end":{"line":15,"column":48}},"type":"binary-expr","locations":[{"start":{"line":15,"column":13},"end":{"line":15,"column":34}},{"start":{"line":15,"column":38},"end":{"line":15,"column":48}}],"line":15},"2":{"loc":{"start":{"line":16,"column":13},"end":{"line":16,"column":47}},"type":"binary-expr","locations":[{"start":{"line":16,"column":13},"end":{"line":16,"column":33}},{"start":{"line":16,"column":37},"end":{"line":16,"column":47}}],"line":16},"3":{"loc":{"start":{"line":17,"column":13},"end":{"line":17,"column":46}},"type":"binary-expr","locations":[{"start":{"line":17,"column":13},"end":{"line":17,"column":31}},{"start":{"line":17,"column":35},"end":{"line":17,"column":46}}],"line":17},"4":{"loc":{"start":{"line":20,"column":13},"end":{"line":20,"column":56}},"type":"binary-expr","locations":[{"start":{"line":20,"column":13},"end":{"line":20,"column":34}},{"start":{"line":20,"column":38},"end":{"line":20,"column":56}}],"line":20},"5":{"loc":{"start":{"line":21,"column":13},"end":{"line":21,"column":56}},"type":"binary-expr","locations":[{"start":{"line":21,"column":13},"end":{"line":21,"column":34}},{"start":{"line":21,"column":38},"end":{"line":21,"column":56}}],"line":21},"6":{"loc":{"start":{"line":22,"column":13},"end":{"line":22,"column":46}},"type":"binary-expr","locations":[{"start":{"line":22,"column":13},"end":{"line":22,"column":33}},{"start":{"line":22,"column":37},"end":{"line":22,"column":46}}],"line":22},"7":{"loc":{"start":{"line":23,"column":13},"end":{"line":23,"column":53}},"type":"binary-expr","locations":[{"start":{"line":23,"column":13},"end":{"line":23,"column":31}},{"start":{"line":23,"column":35},"end":{"line":23,"column":53}}],"line":23},"8":{"loc":{"start":{"line":26,"column":13},"end":{"line":26,"column":80}},"type":"binary-expr","locations":[{"start":{"line":26,"column":13},"end":{"line":26,"column":34}},{"start":{"line":26,"column":38},"end":{"line":26,"column":80}}],"line":26},"9":{"loc":{"start":{"line":27,"column":13},"end":{"line":27,"column":91}},"type":"binary-expr","locations":[{"start":{"line":27,"column":13},"end":{"line":27,"column":34}},{"start":{"line":27,"column":38},"end":{"line":27,"column":91}}],"line":27},"10":{"loc":{"start":{"line":28,"column":13},"end":{"line":28,"column":87}},"type":"binary-expr","locations":[{"start":{"line":28,"column":13},"end":{"line":28,"column":33}},{"start":{"line":28,"column":37},"end":{"line":28,"column":87}}],"line":28},"11":{"loc":{"start":{"line":29,"column":13},"end":{"line":29,"column":82}},"type":"binary-expr","locations":[{"start":{"line":29,"column":13},"end":{"line":29,"column":31}},{"start":{"line":29,"column":35},"end":{"line":29,"column":82}}],"line":29},"12":{"loc":{"start":{"line":32,"column":13},"end":{"line":34,"column":13}},"type":"binary-expr","locations":[{"start":{"line":32,"column":13},"end":{"line":32,"column":34}},{"start":{"line":33,"column":14},"end":{"line":33,"column":74}}],"line":32},"13":{"loc":{"start":{"line":35,"column":13},"end":{"line":37,"column":13}},"type":"binary-expr","locations":[{"start":{"line":35,"column":13},"end":{"line":35,"column":34}},{"start":{"line":36,"column":14},"end":{"line":36,"column":73}}],"line":35},"14":{"loc":{"start":{"line":38,"column":13},"end":{"line":40,"column":13}},"type":"binary-expr","locations":[{"start":{"line":38,"column":13},"end":{"line":38,"column":33}},{"start":{"line":39,"column":14},"end":{"line":39,"column":83}}],"line":38},"15":{"loc":{"start":{"line":41,"column":13},"end":{"line":43,"column":13}},"type":"binary-expr","locations":[{"start":{"line":41,"column":13},"end":{"line":41,"column":31}},{"start":{"line":42,"column":14},"end":{"line":42,"column":73}}],"line":41}},"s":{"0":5,"1":5,"2":5,"3":5,"4":1},"f":{"0":5,"1":1},"b":{"0":[5,2],"1":[5,1],"2":[5,1],"3":[5,1],"4":[5,2],"5":[5,1],"6":[5,1],"7":[5,1],"8":[5,2],"9":[5,1],"10":[5,1],"11":[5,1],"12":[5,2],"13":[5,1],"14":[5,1],"15":[5,1]},"_coverageSchema":"1a1c01bbd47fc00a2c39e90264f33305004495a9","hash":"63faadae985c8c3dbd8033dc98d78cca4cf13f80"}
,"/home/abraham/Escritorio/WOMPI/checkout-frontend/src/pages/SummaryPage.jsx": {"path":"/home/abraham/Escritorio/WOMPI/checkout-frontend/src/pages/SummaryPage.jsx","statementMap":{"0":{"start":{"line":8,"column":16},"end":{"line":114,"column":1}},"1":{"start":{"line":9,"column":28},"end":{"line":9,"column":65}},"2":{"start":{"line":9,"column":51},"end":{"line":9,"column":64}},"3":{"start":{"line":10,"column":19},"end":{"line":10,"column":32}},"4":{"start":{"line":12,"column":2},"end":{"line":16,"column":16}},"5":{"start":{"line":13,"column":4},"end":{"line":15,"column":5}},"6":{"start":{"line":14,"column":6},"end":{"line":14,"column":34}},"7":{"start":{"line":18,"column":2},"end":{"line":18,"column":41}},"8":{"start":{"line":18,"column":16},"end":{"line":18,"column":41}},"9":{"start":{"line":20,"column":19},"end":{"line":20,"column":56}},"10":{"start":{"line":22,"column":37},"end":{"line":22,"column":62}},"11":{"start":{"line":24,"column":2},"end":{"line":113,"column":4}}},"fnMap":{"0":{"name":"(anonymous_0)","decl":{"start":{"line":8,"column":16},"end":{"line":8,"column":17}},"loc":{"start":{"line":8,"column":22},"end":{"line":114,"column":1}},"line":8},"1":{"name":"(anonymous_1)","decl":{"start":{"line":9,"column":40},"end":{"line":9,"column":41}},"loc":{"start":{"line":9,"column":51},"end":{"line":9,"column":64}},"line":9},"2":{"name":"(anonymous_2)","decl":{"start":{"line":12,"column":12},"end":{"line":12,"column":13}},"loc":{"start":{"line":12,"column":18},"end":{"line":16,"column":3}},"line":12}},"branchMap":{"0":{"loc":{"start":{"line":13,"column":4},"end":{"line":15,"column":5}},"type":"if","locations":[{"start":{"line":13,"column":4},"end":{"line":15,"column":5}},{"start":{},"end":{}}],"line":13},"1":{"loc":{"start":{"line":18,"column":2},"end":{"line":18,"column":41}},"type":"if","locations":[{"start":{"line":18,"column":2},"end":{"line":18,"column":41}},{"start":{},"end":{}}],"line":18},"2":{"loc":{"start":{"line":53,"column":41},"end":{"line":55,"column":41}},"type":"binary-expr","locations":[{"start":{"line":53,"column":41},"end":{"line":53,"column":60}},{"start":{"line":54,"column":44},"end":{"line":54,"column":109}}],"line":53},"3":{"loc":{"start":{"line":56,"column":41},"end":{"line":58,"column":41}},"type":"binary-expr","locations":[{"start":{"line":56,"column":41},"end":{"line":56,"column":66}},{"start":{"line":57,"column":44},"end":{"line":57,"column":120}}],"line":56},"4":{"loc":{"start":{"line":80,"column":7},"end":{"line":111,"column":13}},"type":"binary-expr","locations":[{"start":{"line":80,"column":7},"end":{"line":80,"column":14}},{"start":{"line":81,"column":8},"end":{"line":111,"column":13}}],"line":80}},"s":{"0":1,"1":7,"2":14,"3":7,"4":7,"5":7,"6":1,"7":7,"8":1,"9":6,"10":6,"11":6},"f":{"0":7,"1":14,"2":7},"b":{"0":[1,6],"1":[1,6],"2":[6,1],"3":[6,1],"4":[6,1]},"_coverageSchema":"1a1c01bbd47fc00a2c39e90264f33305004495a9","hash":"d91bb55532b62fbcd9d1c2460593df94bc016163"}
,"/home/abraham/Escritorio/WOMPI/checkout-frontend/src/services/api.js": {"path":"/home/abraham/Escritorio/WOMPI/checkout-frontend/src/services/api.js","statementMap":{"0":{"start":{"line":3,"column":19},"end":{"line":5,"column":2}}},"fnMap":{},"branchMap":{},"s":{"0":2},"f":{},"b":{},"_coverageSchema":"1a1c01bbd47fc00a2c39e90264f33305004495a9","hash":"6a790f579c15df322ef164c1b898e7741c7100fa"}
,"/home/abraham/Escritorio/WOMPI/checkout-frontend/src/services/validatador.js": {"path":"/home/abraham/Escritorio/WOMPI/checkout-frontend/src/services/validatador.js","statementMap":{"0":{"start":{"line":1,"column":34},"end":{"line":22,"column":1}},"1":{"start":{"line":2,"column":16},"end":{"line":2,"column":46}},"2":{"start":{"line":4,"column":2},"end":{"line":4,"column":41}},"3":{"start":{"line":4,"column":28},"end":{"line":4,"column":41}},"4":{"start":{"line":6,"column":12},"end":{"line":6,"column":13}},"5":{"start":{"line":7,"column":21},"end":{"line":7,"column":26}},"6":{"start":{"line":9,"column":2},"end":{"line":19,"column":3}},"7":{"start":{"line":9,"column":15},"end":{"line":9,"column":31}},"8":{"start":{"line":10,"column":16},"end":{"line":10,"column":34}},"9":{"start":{"line":12,"column":4},"end":{"line":15,"column":5}},"10":{"start":{"line":13,"column":6},"end":{"line":13,"column":17}},"11":{"start":{"line":14,"column":6},"end":{"line":14,"column":32}},"12":{"start":{"line":14,"column":21},"end":{"line":14,"column":32}},"13":{"start":{"line":17,"column":4},"end":{"line":17,"column":17}},"14":{"start":{"line":18,"column":4},"end":{"line":18,"column":33}},"15":{"start":{"line":21,"column":2},"end":{"line":21,"column":24}},"16":{"start":{"line":24,"column":30},"end":{"line":39,"column":1}},"17":{"start":{"line":25,"column":2},"end":{"line":25,"column":51}},"18":{"start":{"line":25,"column":38},"end":{"line":25,"column":51}},"19":{"start":{"line":27,"column":24},"end":{"line":27,"column":53}},"20":{"start":{"line":29,"column":2},"end":{"line":29,"column":44}},"21":{"start":{"line":29,"column":31},"end":{"line":29,"column":44}},"22":{"start":{"line":31,"column":22},"end":{"line":31,"column":32}},"23":{"start":{"line":32,"column":22},"end":{"line":32,"column":53}},"24":{"start":{"line":33,"column":23},"end":{"line":33,"column":49}},"25":{"start":{"line":35,"column":2},"end":{"line":35,"column":39}},"26":{"start":{"line":35,"column":26},"end":{"line":35,"column":39}},"27":{"start":{"line":36,"column":2},"end":{"line":36,"column":65}},"28":{"start":{"line":36,"column":52},"end":{"line":36,"column":65}},"29":{"start":{"line":38,"column":2},"end":{"line":38,"column":14}},"30":{"start":{"line":41,"column":27},"end":{"line":43,"column":1}},"31":{"start":{"line":42,"column":2},"end":{"line":42,"column":29}},"32":{"start":{"line":45,"column":34},"end":{"line":48,"column":1}},"33":{"start":{"line":46,"column":2},"end":{"line":46,"column":45}},"34":{"start":{"line":46,"column":32},"end":{"line":46,"column":45}},"35":{"start":{"line":47,"column":2},"end":{"line":47,"column":32}}},"fnMap":{"0":{"name":"(anonymous_0)","decl":{"start":{"line":1,"column":34},"end":{"line":1,"column":35}},"loc":{"start":{"line":1,"column":50},"end":{"line":22,"column":1}},"line":1},"1":{"name":"(anonymous_1)","decl":{"start":{"line":24,"column":30},"end":{"line":24,"column":31}},"loc":{"start":{"line":24,"column":42},"end":{"line":39,"column":1}},"line":24},"2":{"name":"(anonymous_2)","decl":{"start":{"line":41,"column":27},"end":{"line":41,"column":28}},"loc":{"start":{"line":41,"column":36},"end":{"line":43,"column":1}},"line":41},"3":{"name":"(anonymous_3)","decl":{"start":{"line":45,"column":34},"end":{"line":45,"column":35}},"loc":{"start":{"line":45,"column":44},"end":{"line":48,"column":1}},"line":45}},"branchMap":{"0":{"loc":{"start":{"line":4,"column":2},"end":{"line":4,"column":41}},"type":"if","locations":[{"start":{"line":4,"column":2},"end":{"line":4,"column":41}},{"start":{},"end":{}}],"line":4},"1":{"loc":{"start":{"line":12,"column":4},"end":{"line":15,"column":5}},"type":"if","locations":[{"start":{"line":12,"column":4},"end":{"line":15,"column":5}},{"start":{},"end":{}}],"line":12},"2":{"loc":{"start":{"line":14,"column":6},"end":{"line":14,"column":32}},"type":"if","locations":[{"start":{"line":14,"column":6},"end":{"line":14,"column":32}},{"start":{},"end":{}}],"line":14},"3":{"loc":{"start":{"line":25,"column":2},"end":{"line":25,"column":51}},"type":"if","locations":[{"start":{"line":25,"column":2},"end":{"line":25,"column":51}},{"start":{},"end":{}}],"line":25},"4":{"loc":{"start":{"line":29,"column":2},"end":{"line":29,"column":44}},"type":"if","locations":[{"start":{"line":29,"column":2},"end":{"line":29,"column":44}},{"start":{},"end":{}}],"line":29},"5":{"loc":{"start":{"line":29,"column":6},"end":{"line":29,"column":29}},"type":"binary-expr","locations":[{"start":{"line":29,"column":6},"end":{"line":29,"column":15}},{"start":{"line":29,"column":19},"end":{"line":29,"column":29}}],"line":29},"6":{"loc":{"start":{"line":35,"column":2},"end":{"line":35,"column":39}},"type":"if","locations":[{"start":{"line":35,"column":2},"end":{"line":35,"column":39}},{"start":{},"end":{}}],"line":35},"7":{"loc":{"start":{"line":36,"column":2},"end":{"line":36,"column":65}},"type":"if","locations":[{"start":{"line":36,"column":2},"end":{"line":36,"column":65}},{"start":{},"end":{}}],"line":36},"8":{"loc":{"start":{"line":36,"column":6},"end":{"line":36,"column":50}},"type":"binary-expr","locations":[{"start":{"line":36,"column":6},"end":{"line":36,"column":26}},{"start":{"line":36,"column":30},"end":{"line":36,"column":50}}],"line":36},"9":{"loc":{"start":{"line":46,"column":2},"end":{"line":46,"column":45}},"type":"if","locations":[{"start":{"line":46,"column":2},"end":{"line":46,"column":45}},{"start":{},"end":{}}],"line":46}},"s":{"0":2,"1":4,"2":4,"3":2,"4":2,"5":2,"6":2,"7":2,"8":32,"9":32,"10":16,"11":16,"12":4,"13":32,"14":32,"15":2,"16":2,"17":5,"18":1,"19":4,"20":4,"21":1,"22":3,"23":3,"24":3,"25":3,"26":1,"27":2,"28":1,"29":1,"30":2,"31":4,"32":2,"33":4,"34":1,"35":3},"f":{"0":4,"1":5,"2":4,"3":4},"b":{"0":[2,2],"1":[16,16],"2":[4,12],"3":[1,4],"4":[1,3],"5":[4,4],"6":[1,2],"7":[1,1],"8":[2,2],"9":[1,3]},"_coverageSchema":"1a1c01bbd47fc00a2c39e90264f33305004495a9","hash":"f55e1c9da1702ab7f7e7e2a13ba4248a26427188"}
,"/home/abraham/Escritorio/WOMPI/checkout-frontend/src/store/paymentSlice.js": {"path":"/home/abraham/Escritorio/WOMPI/checkout-frontend/src/store/paymentSlice.js","statementMap":{"0":{"start":{"line":3,"column":21},"end":{"line":7,"column":1}},"1":{"start":{"line":9,"column":21},"end":{"line":46,"column":2}},"2":{"start":{"line":14,"column":6},"end":{"line":14,"column":45}},"3":{"start":{"line":15,"column":6},"end":{"line":15,"column":39}},"4":{"start":{"line":17,"column":6},"end":{"line":23,"column":8}},"5":{"start":{"line":27,"column":6},"end":{"line":27,"column":43}},"6":{"start":{"line":31,"column":19},"end":{"line":31,"column":50}},"7":{"start":{"line":32,"column":6},"end":{"line":36,"column":7}},"8":{"start":{"line":33,"column":23},"end":{"line":33,"column":39}},"9":{"start":{"line":34,"column":8},"end":{"line":34,"column":39}},"10":{"start":{"line":35,"column":8},"end":{"line":35,"column":33}},"11":{"start":{"line":40,"column":6},"end":{"line":40,"column":27}},"12":{"start":{"line":41,"column":6},"end":{"line":41,"column":24}},"13":{"start":{"line":42,"column":6},"end":{"line":42,"column":33}},"14":{"start":{"line":43,"column":6},"end":{"line":43,"column":41}},"15":{"start":{"line":53,"column":4},"end":{"line":53,"column":24}}},"fnMap":{"0":{"name":"(anonymous_0)","decl":{"start":{"line":13,"column":20},"end":{"line":13,"column":21}},"loc":{"start":{"line":13,"column":39},"end":{"line":24,"column":5}},"line":13},"1":{"name":"(anonymous_1)","decl":{"start":{"line":26,"column":22},"end":{"line":26,"column":23}},"loc":{"start":{"line":26,"column":41},"end":{"line":28,"column":5}},"line":26},"2":{"name":"(anonymous_2)","decl":{"start":{"line":30,"column":21},"end":{"line":30,"column":22}},"loc":{"start":{"line":30,"column":32},"end":{"line":37,"column":5}},"line":30},"3":{"name":"(anonymous_3)","decl":{"start":{"line":39,"column":18},"end":{"line":39,"column":19}},"loc":{"start":{"line":39,"column":29},"end":{"line":44,"column":5}},"line":39}},"branchMap":{"0":{"loc":{"start":{"line":32,"column":6},"end":{"line":36,"column":7}},"type":"if","locations":[{"start":{"line":32,"column":6},"end":{"line":36,"column":7}},{"start":{},"end":{}}],"line":32}},"s":{"0":6,"1":6,"2":2,"3":2,"4":2,"5":1,"6":11,"7":11,"8":1,"9":1,"10":1,"11":1,"12":1,"13":1,"14":1,"15":6},"f":{"0":2,"1":1,"2":11,"3":1},"b":{"0":[1,10]},"_coverageSchema":"1a1c01bbd47fc00a2c39e90264f33305004495a9","hash":"3a1e10519205078c279455cc39f26db88b1695b1"}
}
