{"/home/abraham/Escritorio/WOMPI/checkout-frontend/src/pages/CheckoutPage.jsx": {"path":"/home/abraham/Escritorio/WOMPI/checkout-frontend/src/pages/CheckoutPage.jsx","statementMap":{"0":{"start":{"line":12,"column":18},"end":{"line":12,"column":63}},"1":{"start":{"line":12,"column":41},"end":{"line":12,"column":62}},"2":{"start":{"line":13,"column":19},"end":{"line":13,"column":32}},"3":{"start":{"line":14,"column":19},"end":{"line":14,"column":32}},"4":{"start":{"line":15,"column":2},"end":{"line":17,"column":9}},"5":{"start":{"line":16,"column":4},"end":{"line":16,"column":32}},"6":{"start":{"line":19,"column":26},"end":{"line":25,"column":4}},"7":{"start":{"line":27,"column":34},"end":{"line":27,"column":48}},"8":{"start":{"line":28,"column":44},"end":{"line":28,"column":59}},"9":{"start":{"line":29,"column":42},"end":{"line":29,"column":57}},"10":{"start":{"line":31,"column":27},"end":{"line":36,"column":3}},"11":{"start":{"line":32,"column":4},"end":{"line":35,"column":14}},"12":{"start":{"line":38,"column":23},"end":{"line":52,"column":3}},"13":{"start":{"line":39,"column":26},"end":{"line":39,"column":34}},"14":{"start":{"line":41,"column":4},"end":{"line":46,"column":5}},"15":{"start":{"line":42,"column":6},"end":{"line":42,"column":38}},"16":{"start":{"line":44,"column":23},"end":{"line":44,"column":42}},"17":{"start":{"line":45,"column":6},"end":{"line":45,"column":47}},"18":{"start":{"line":48,"column":4},"end":{"line":51,"column":7}},"19":{"start":{"line":54,"column":23},"end":{"line":88,"column":3}},"20":{"start":{"line":55,"column":4},"end":{"line":55,"column":23}},"21":{"start":{"line":57,"column":4},"end":{"line":60,"column":5}},"22":{"start":{"line":58,"column":6},"end":{"line":58,"column":41}},"23":{"start":{"line":59,"column":6},"end":{"line":59,"column":13}},"24":{"start":{"line":62,"column":4},"end":{"line":65,"column":5}},"25":{"start":{"line":63,"column":6},"end":{"line":63,"column":41}},"26":{"start":{"line":64,"column":6},"end":{"line":64,"column":13}},"27":{"start":{"line":67,"column":4},"end":{"line":70,"column":5}},"28":{"start":{"line":68,"column":6},"end":{"line":68,"column":33}},"29":{"start":{"line":69,"column":6},"end":{"line":69,"column":13}},"30":{"start":{"line":72,"column":4},"end":{"line":75,"column":5}},"31":{"start":{"line":73,"column":6},"end":{"line":73,"column":49}},"32":{"start":{"line":74,"column":6},"end":{"line":74,"column":13}},"33":{"start":{"line":77,"column":4},"end":{"line":80,"column":5}},"34":{"start":{"line":78,"column":6},"end":{"line":78,"column":58}},"35":{"start":{"line":79,"column":6},"end":{"line":79,"column":13}},"36":{"start":{"line":82,"column":4},"end":{"line":85,"column":5}},"37":{"start":{"line":83,"column":6},"end":{"line":83,"column":53}},"38":{"start":{"line":84,"column":6},"end":{"line":84,"column":13}},"39":{"start":{"line":86,"column":4},"end":{"line":86,"column":48}},"40":{"start":{"line":87,"column":4},"end":{"line":87,"column":25}},"41":{"start":{"line":90,"column":2},"end":{"line":231,"column":4}},"42":{"start":{"line":201,"column":35},"end":{"line":201,"column":69}},"43":{"start":{"line":212,"column":35},"end":{"line":212,"column":68}}},"fnMap":{"0":{"name":"CheckoutPage","decl":{"start":{"line":11,"column":24},"end":{"line":11,"column":36}},"loc":{"start":{"line":11,"column":39},"end":{"line":232,"column":1}},"line":11},"1":{"name":"(anonymous_1)","decl":{"start":{"line":12,"column":30},"end":{"line":12,"column":31}},"loc":{"start":{"line":12,"column":41},"end":{"line":12,"column":62}},"line":12},"2":{"name":"(anonymous_2)","decl":{"start":{"line":15,"column":12},"end":{"line":15,"column":13}},"loc":{"start":{"line":15,"column":18},"end":{"line":17,"column":3}},"line":15},"3":{"name":"(anonymous_3)","decl":{"start":{"line":31,"column":27},"end":{"line":31,"column":28}},"loc":{"start":{"line":31,"column":38},"end":{"line":36,"column":3}},"line":31},"4":{"name":"(anonymous_4)","decl":{"start":{"line":38,"column":23},"end":{"line":38,"column":24}},"loc":{"start":{"line":38,"column":30},"end":{"line":52,"column":3}},"line":38},"5":{"name":"(anonymous_5)","decl":{"start":{"line":54,"column":23},"end":{"line":54,"column":24}},"loc":{"start":{"line":54,"column":30},"end":{"line":88,"column":3}},"line":54},"6":{"name":"(anonymous_6)","decl":{"start":{"line":201,"column":28},"end":{"line":201,"column":29}},"loc":{"start":{"line":201,"column":35},"end":{"line":201,"column":69}},"line":201},"7":{"name":"(anonymous_7)","decl":{"start":{"line":212,"column":28},"end":{"line":212,"column":29}},"loc":{"start":{"line":212,"column":35},"end":{"line":212,"column":68}},"line":212}},"branchMap":{"0":{"loc":{"start":{"line":41,"column":4},"end":{"line":46,"column":5}},"type":"if","locations":[{"start":{"line":41,"column":4},"end":{"line":46,"column":5}},{"start":{},"end":{}}],"line":41},"1":{"loc":{"start":{"line":45,"column":18},"end":{"line":45,"column":45}},"type":"binary-expr","locations":[{"start":{"line":45,"column":18},"end":{"line":45,"column":37}},{"start":{"line":45,"column":41},"end":{"line":45,"column":45}}],"line":45},"2":{"loc":{"start":{"line":57,"column":4},"end":{"line":60,"column":5}},"type":"if","locations":[{"start":{"line":57,"column":4},"end":{"line":60,"column":5}},{"start":{},"end":{}}],"line":57},"3":{"loc":{"start":{"line":62,"column":4},"end":{"line":65,"column":5}},"type":"if","locations":[{"start":{"line":62,"column":4},"end":{"line":65,"column":5}},{"start":{},"end":{}}],"line":62},"4":{"loc":{"start":{"line":67,"column":4},"end":{"line":70,"column":5}},"type":"if","locations":[{"start":{"line":67,"column":4},"end":{"line":70,"column":5}},{"start":{},"end":{}}],"line":67},"5":{"loc":{"start":{"line":72,"column":4},"end":{"line":75,"column":5}},"type":"if","locations":[{"start":{"line":72,"column":4},"end":{"line":75,"column":5}},{"start":{},"end":{}}],"line":72},"6":{"loc":{"start":{"line":77,"column":4},"end":{"line":80,"column":5}},"type":"if","locations":[{"start":{"line":77,"column":4},"end":{"line":80,"column":5}},{"start":{},"end":{}}],"line":77},"7":{"loc":{"start":{"line":82,"column":4},"end":{"line":85,"column":5}},"type":"if","locations":[{"start":{"line":82,"column":4},"end":{"line":85,"column":5}},{"start":{},"end":{}}],"line":82},"8":{"loc":{"start":{"line":150,"column":19},"end":{"line":152,"column":19}},"type":"binary-expr","locations":[{"start":{"line":150,"column":19},"end":{"line":150,"column":38}},{"start":{"line":151,"column":20},"end":{"line":151,"column":85}}],"line":150},"9":{"loc":{"start":{"line":153,"column":19},"end":{"line":155,"column":19}},"type":"binary-expr","locations":[{"start":{"line":153,"column":19},"end":{"line":153,"column":44}},{"start":{"line":154,"column":20},"end":{"line":154,"column":96}}],"line":153}},"s":{"0":15,"1":22,"2":15,"3":15,"4":15,"5":3,"6":15,"7":15,"8":15,"9":15,"10":15,"11":1,"12":15,"13":5,"14":5,"15":1,"16":1,"17":1,"18":5,"19":15,"20":2,"21":2,"22":0,"23":0,"24":2,"25":0,"26":0,"27":2,"28":0,"29":0,"30":2,"31":0,"32":0,"33":2,"34":1,"35":1,"36":1,"37":0,"38":0,"39":1,"40":1,"41":15,"42":1,"43":1},"f":{"0":15,"1":22,"2":3,"3":1,"4":5,"5":2,"6":1,"7":1},"b":{"0":[1,4],"1":[1,0],"2":[0,2],"3":[0,2],"4":[0,2],"5":[0,2],"6":[1,1],"7":[0,1],"8":[15,9],"9":[15,0]},"_coverageSchema":"1a1c01bbd47fc00a2c39e90264f33305004495a9","hash":"232f5b9c5b6c30d8548e44c5d7e77b640403d1f1"}
,"/home/abraham/Escritorio/WOMPI/checkout-frontend/src/pages/ProductPage.jsx": {"path":"/home/abraham/Escritorio/WOMPI/checkout-frontend/src/pages/ProductPage.jsx","statementMap":{"0":{"start":{"line":8,"column":34},"end":{"line":8,"column":46}},"1":{"start":{"line":9,"column":19},"end":{"line":9,"column":32}},"2":{"start":{"line":10,"column":19},"end":{"line":10,"column":32}},"3":{"start":{"line":12,"column":2},"end":{"line":14,"column":9}},"4":{"start":{"line":13,"column":4},"end":{"line":13,"column":60}},"5":{"start":{"line":13,"column":37},"end":{"line":13,"column":58}},"6":{"start":{"line":16,"column":2},"end":{"line":53,"column":4}},"7":{"start":{"line":22,"column":25},"end":{"line":22,"column":36}},"8":{"start":{"line":24,"column":12},"end":{"line":49,"column":18}},"9":{"start":{"line":40,"column":22},"end":{"line":40,"column":63}},"10":{"start":{"line":41,"column":22},"end":{"line":41,"column":44}}},"fnMap":{"0":{"name":"ProductPage","decl":{"start":{"line":7,"column":24},"end":{"line":7,"column":35}},"loc":{"start":{"line":7,"column":38},"end":{"line":54,"column":1}},"line":7},"1":{"name":"(anonymous_1)","decl":{"start":{"line":12,"column":12},"end":{"line":12,"column":13}},"loc":{"start":{"line":12,"column":18},"end":{"line":14,"column":3}},"line":12},"2":{"name":"(anonymous_2)","decl":{"start":{"line":13,"column":30},"end":{"line":13,"column":31}},"loc":{"start":{"line":13,"column":37},"end":{"line":13,"column":58}},"line":13},"3":{"name":"(anonymous_3)","decl":{"start":{"line":22,"column":18},"end":{"line":22,"column":19}},"loc":{"start":{"line":22,"column":25},"end":{"line":22,"column":36}},"line":22},"4":{"name":"(anonymous_4)","decl":{"start":{"line":23,"column":15},"end":{"line":23,"column":16}},"loc":{"start":{"line":24,"column":12},"end":{"line":49,"column":18}},"line":24},"5":{"name":"(anonymous_5)","decl":{"start":{"line":39,"column":29},"end":{"line":39,"column":30}},"loc":{"start":{"line":39,"column":35},"end":{"line":42,"column":21}},"line":39}},"branchMap":{},"s":{"0":11,"1":11,"2":11,"3":11,"4":6,"5":6,"6":11,"7":5,"8":4,"9":1,"10":1},"f":{"0":11,"1":6,"2":6,"3":5,"4":4,"5":1},"b":{},"_coverageSchema":"1a1c01bbd47fc00a2c39e90264f33305004495a9","hash":"121160c5e22ae44729c7013329b9680e85a5d2ee"}
,"/home/abraham/Escritorio/WOMPI/checkout-frontend/src/pages/ResultPage.jsx": {"path":"/home/abraham/Escritorio/WOMPI/checkout-frontend/src/pages/ResultPage.jsx","statementMap":{"0":{"start":{"line":5,"column":16},"end":{"line":5,"column":57}},"1":{"start":{"line":6,"column":19},"end":{"line":6,"column":32}},"2":{"start":{"line":7,"column":17},"end":{"line":7,"column":36}},"3":{"start":{"line":9,"column":2},"end":{"line":55,"column":4}},"4":{"start":{"line":47,"column":27},"end":{"line":47,"column":40}}},"fnMap":{"0":{"name":"ResultPage","decl":{"start":{"line":4,"column":24},"end":{"line":4,"column":34}},"loc":{"start":{"line":4,"column":37},"end":{"line":56,"column":1}},"line":4},"1":{"name":"(anonymous_1)","decl":{"start":{"line":47,"column":21},"end":{"line":47,"column":22}},"loc":{"start":{"line":47,"column":27},"end":{"line":47,"column":40}},"line":47}},"branchMap":{"0":{"loc":{"start":{"line":14,"column":13},"end":{"line":14,"column":48}},"type":"binary-expr","locations":[{"start":{"line":14,"column":13},"end":{"line":14,"column":34}},{"start":{"line":14,"column":38},"end":{"line":14,"column":48}}],"line":14},"1":{"loc":{"start":{"line":15,"column":13},"end":{"line":15,"column":48}},"type":"binary-expr","locations":[{"start":{"line":15,"column":13},"end":{"line":15,"column":34}},{"start":{"line":15,"column":38},"end":{"line":15,"column":48}}],"line":15},"2":{"loc":{"start":{"line":16,"column":13},"end":{"line":16,"column":47}},"type":"binary-expr","locations":[{"start":{"line":16,"column":13},"end":{"line":16,"column":33}},{"start":{"line":16,"column":37},"end":{"line":16,"column":47}}],"line":16},"3":{"loc":{"start":{"line":17,"column":13},"end":{"line":17,"column":46}},"type":"binary-expr","locations":[{"start":{"line":17,"column":13},"end":{"line":17,"column":31}},{"start":{"line":17,"column":35},"end":{"line":17,"column":46}}],"line":17},"4":{"loc":{"start":{"line":20,"column":13},"end":{"line":20,"column":56}},"type":"binary-expr","locations":[{"start":{"line":20,"column":13},"end":{"line":20,"column":34}},{"start":{"line":20,"column":38},"end":{"line":20,"column":56}}],"line":20},"5":{"loc":{"start":{"line":21,"column":13},"end":{"line":21,"column":56}},"type":"binary-expr","locations":[{"start":{"line":21,"column":13},"end":{"line":21,"column":34}},{"start":{"line":21,"column":38},"end":{"line":21,"column":56}}],"line":21},"6":{"loc":{"start":{"line":22,"column":13},"end":{"line":22,"column":46}},"type":"binary-expr","locations":[{"start":{"line":22,"column":13},"end":{"line":22,"column":33}},{"start":{"line":22,"column":37},"end":{"line":22,"column":46}}],"line":22},"7":{"loc":{"start":{"line":23,"column":13},"end":{"line":23,"column":53}},"type":"binary-expr","locations":[{"start":{"line":23,"column":13},"end":{"line":23,"column":31}},{"start":{"line":23,"column":35},"end":{"line":23,"column":53}}],"line":23},"8":{"loc":{"start":{"line":26,"column":13},"end":{"line":26,"column":80}},"type":"binary-expr","locations":[{"start":{"line":26,"column":13},"end":{"line":26,"column":34}},{"start":{"line":26,"column":38},"end":{"line":26,"column":80}}],"line":26},"9":{"loc":{"start":{"line":27,"column":13},"end":{"line":27,"column":91}},"type":"binary-expr","locations":[{"start":{"line":27,"column":13},"end":{"line":27,"column":34}},{"start":{"line":27,"column":38},"end":{"line":27,"column":91}}],"line":27},"10":{"loc":{"start":{"line":28,"column":13},"end":{"line":28,"column":87}},"type":"binary-expr","locations":[{"start":{"line":28,"column":13},"end":{"line":28,"column":33}},{"start":{"line":28,"column":37},"end":{"line":28,"column":87}}],"line":28},"11":{"loc":{"start":{"line":29,"column":13},"end":{"line":29,"column":82}},"type":"binary-expr","locations":[{"start":{"line":29,"column":13},"end":{"line":29,"column":31}},{"start":{"line":29,"column":35},"end":{"line":29,"column":82}}],"line":29},"12":{"loc":{"start":{"line":32,"column":13},"end":{"line":34,"column":13}},"type":"binary-expr","locations":[{"start":{"line":32,"column":13},"end":{"line":32,"column":34}},{"start":{"line":33,"column":14},"end":{"line":33,"column":74}}],"line":32},"13":{"loc":{"start":{"line":35,"column":13},"end":{"line":37,"column":13}},"type":"binary-expr","locations":[{"start":{"line":35,"column":13},"end":{"line":35,"column":34}},{"start":{"line":36,"column":14},"end":{"line":36,"column":73}}],"line":35},"14":{"loc":{"start":{"line":38,"column":13},"end":{"line":40,"column":13}},"type":"binary-expr","locations":[{"start":{"line":38,"column":13},"end":{"line":38,"column":33}},{"start":{"line":39,"column":14},"end":{"line":39,"column":83}}],"line":38},"15":{"loc":{"start":{"line":41,"column":13},"end":{"line":43,"column":13}},"type":"binary-expr","locations":[{"start":{"line":41,"column":13},"end":{"line":41,"column":31}},{"start":{"line":42,"column":14},"end":{"line":42,"column":73}}],"line":41}},"s":{"0":5,"1":5,"2":5,"3":5,"4":1},"f":{"0":5,"1":1},"b":{"0":[5,2],"1":[5,1],"2":[5,1],"3":[5,1],"4":[5,2],"5":[5,1],"6":[5,1],"7":[5,1],"8":[5,2],"9":[5,1],"10":[5,1],"11":[5,1],"12":[5,2],"13":[5,1],"14":[5,1],"15":[5,1]},"_coverageSchema":"1a1c01bbd47fc00a2c39e90264f33305004495a9","hash":"63faadae985c8c3dbd8033dc98d78cca4cf13f80"}
,"/home/abraham/Escritorio/WOMPI/checkout-frontend/src/pages/SummaryPage.jsx": {"path":"/home/abraham/Escritorio/WOMPI/checkout-frontend/src/pages/SummaryPage.jsx","statementMap":{"0":{"start":{"line":11,"column":16},"end":{"line":191,"column":1}},"1":{"start":{"line":12,"column":21},"end":{"line":12,"column":34}},"2":{"start":{"line":13,"column":30},"end":{"line":13,"column":67}},"3":{"start":{"line":13,"column":53},"end":{"line":13,"column":66}},"4":{"start":{"line":14,"column":34},"end":{"line":14,"column":49}},"5":{"start":{"line":15,"column":21},"end":{"line":15,"column":34}},"6":{"start":{"line":16,"column":4},"end":{"line":20,"column":18}},"7":{"start":{"line":17,"column":8},"end":{"line":19,"column":9}},"8":{"start":{"line":18,"column":12},"end":{"line":18,"column":40}},"9":{"start":{"line":22,"column":4},"end":{"line":24,"column":5}},"10":{"start":{"line":23,"column":8},"end":{"line":23,"column":33}},"11":{"start":{"line":26,"column":21},"end":{"line":26,"column":47}},"12":{"start":{"line":27,"column":21},"end":{"line":27,"column":40}},"13":{"start":{"line":29,"column":22},"end":{"line":60,"column":5}},"14":{"start":{"line":30,"column":8},"end":{"line":30,"column":25}},"15":{"start":{"line":31,"column":8},"end":{"line":59,"column":9}},"16":{"start":{"line":32,"column":25},"end":{"line":40,"column":13}},"17":{"start":{"line":42,"column":24},"end":{"line":42,"column":64}},"18":{"start":{"line":44,"column":12},"end":{"line":44,"column":91}},"19":{"start":{"line":45,"column":35},"end":{"line":45,"column":66}},"20":{"start":{"line":46,"column":34},"end":{"line":46,"column":60}},"21":{"start":{"line":47,"column":12},"end":{"line":47,"column":59}},"22":{"start":{"line":50,"column":12},"end":{"line":50,"column":33}},"23":{"start":{"line":51,"column":12},"end":{"line":57,"column":15}},"24":{"start":{"line":58,"column":12},"end":{"line":58,"column":30}},"25":{"start":{"line":62,"column":28},"end":{"line":99,"column":5}},"26":{"start":{"line":63,"column":23},"end":{"line":63,"column":24}},"27":{"start":{"line":65,"column":25},"end":{"line":98,"column":16}},"28":{"start":{"line":66,"column":12},"end":{"line":97,"column":13}},"29":{"start":{"line":67,"column":16},"end":{"line":67,"column":27}},"30":{"start":{"line":69,"column":28},"end":{"line":69,"column":72}},"31":{"start":{"line":70,"column":31},"end":{"line":70,"column":51}},"32":{"start":{"line":72,"column":16},"end":{"line":76,"column":17}},"33":{"start":{"line":73,"column":20},"end":{"line":73,"column":44}},"34":{"start":{"line":74,"column":20},"end":{"line":74,"column":74}},"35":{"start":{"line":75,"column":20},"end":{"line":75,"column":77}},"36":{"start":{"line":78,"column":16},"end":{"line":82,"column":17}},"37":{"start":{"line":79,"column":20},"end":{"line":79,"column":44}},"38":{"start":{"line":80,"column":20},"end":{"line":80,"column":73}},"39":{"start":{"line":81,"column":20},"end":{"line":81,"column":77}},"40":{"start":{"line":85,"column":16},"end":{"line":88,"column":17}},"41":{"start":{"line":86,"column":20},"end":{"line":86,"column":44}},"42":{"start":{"line":87,"column":20},"end":{"line":87,"column":76}},"43":{"start":{"line":91,"column":16},"end":{"line":91,"column":37}},"44":{"start":{"line":92,"column":16},"end":{"line":92,"column":40}},"45":{"start":{"line":93,"column":16},"end":{"line":93,"column":69}},"46":{"start":{"line":94,"column":16},"end":{"line":94,"column":70}},"47":{"start":{"line":96,"column":16},"end":{"line":96,"column":34}},"48":{"start":{"line":101,"column":4},"end":{"line":190,"column":6}}},"fnMap":{"0":{"name":"(anonymous_0)","decl":{"start":{"line":11,"column":16},"end":{"line":11,"column":17}},"loc":{"start":{"line":11,"column":22},"end":{"line":191,"column":1}},"line":11},"1":{"name":"(anonymous_1)","decl":{"start":{"line":13,"column":42},"end":{"line":13,"column":43}},"loc":{"start":{"line":13,"column":53},"end":{"line":13,"column":66}},"line":13},"2":{"name":"(anonymous_2)","decl":{"start":{"line":16,"column":14},"end":{"line":16,"column":15}},"loc":{"start":{"line":16,"column":20},"end":{"line":20,"column":5}},"line":16},"3":{"name":"(anonymous_3)","decl":{"start":{"line":29,"column":22},"end":{"line":29,"column":23}},"loc":{"start":{"line":29,"column":34},"end":{"line":60,"column":5}},"line":29},"4":{"name":"(anonymous_4)","decl":{"start":{"line":62,"column":28},"end":{"line":62,"column":29}},"loc":{"start":{"line":62,"column":59},"end":{"line":99,"column":5}},"line":62},"5":{"name":"(anonymous_5)","decl":{"start":{"line":65,"column":37},"end":{"line":65,"column":38}},"loc":{"start":{"line":65,"column":49},"end":{"line":98,"column":9}},"line":65}},"branchMap":{"0":{"loc":{"start":{"line":17,"column":8},"end":{"line":19,"column":9}},"type":"if","locations":[{"start":{"line":17,"column":8},"end":{"line":19,"column":9}},{"start":{},"end":{}}],"line":17},"1":{"loc":{"start":{"line":22,"column":4},"end":{"line":24,"column":5}},"type":"if","locations":[{"start":{"line":22,"column":4},"end":{"line":24,"column":5}},{"start":{},"end":{}}],"line":22},"2":{"loc":{"start":{"line":72,"column":16},"end":{"line":76,"column":17}},"type":"if","locations":[{"start":{"line":72,"column":16},"end":{"line":76,"column":17}},{"start":{},"end":{}}],"line":72},"3":{"loc":{"start":{"line":78,"column":16},"end":{"line":82,"column":17}},"type":"if","locations":[{"start":{"line":78,"column":16},"end":{"line":82,"column":17}},{"start":{},"end":{}}],"line":78},"4":{"loc":{"start":{"line":85,"column":16},"end":{"line":88,"column":17}},"type":"if","locations":[{"start":{"line":85,"column":16},"end":{"line":88,"column":17}},{"start":{},"end":{}}],"line":85},"5":{"loc":{"start":{"line":130,"column":41},"end":{"line":132,"column":41}},"type":"binary-expr","locations":[{"start":{"line":130,"column":41},"end":{"line":130,"column":60}},{"start":{"line":131,"column":44},"end":{"line":131,"column":109}}],"line":130},"6":{"loc":{"start":{"line":133,"column":41},"end":{"line":135,"column":41}},"type":"binary-expr","locations":[{"start":{"line":133,"column":41},"end":{"line":133,"column":66}},{"start":{"line":134,"column":44},"end":{"line":134,"column":120}}],"line":133},"7":{"loc":{"start":{"line":157,"column":9},"end":{"line":188,"column":13}},"type":"binary-expr","locations":[{"start":{"line":157,"column":9},"end":{"line":157,"column":16}},{"start":{"line":158,"column":12},"end":{"line":188,"column":13}}],"line":157}},"s":{"0":1,"1":12,"2":12,"3":18,"4":12,"5":12,"6":12,"7":6,"8":1,"9":12,"10":1,"11":11,"12":11,"13":11,"14":4,"15":4,"16":4,"17":4,"18":3,"19":3,"20":3,"21":3,"22":1,"23":1,"24":1,"25":11,"26":3,"27":3,"28":3,"29":3,"30":3,"31":3,"32":3,"33":2,"34":2,"35":2,"36":3,"37":1,"38":1,"39":1,"40":3,"41":0,"42":0,"43":0,"44":0,"45":0,"46":0,"47":3,"48":11},"f":{"0":12,"1":18,"2":6,"3":4,"4":3,"5":3},"b":{"0":[1,5],"1":[1,11],"2":[2,1],"3":[1,2],"4":[0,3],"5":[11,11],"6":[11,0],"7":[11,4]},"_coverageSchema":"1a1c01bbd47fc00a2c39e90264f33305004495a9","hash":"124f9a78223ecfbcae7fba94e0e92af3fba8452d"}
,"/home/abraham/Escritorio/WOMPI/checkout-frontend/src/services/api.js": {"path":"/home/abraham/Escritorio/WOMPI/checkout-frontend/src/services/api.js","statementMap":{"0":{"start":{"line":3,"column":19},"end":{"line":5,"column":2}}},"fnMap":{},"branchMap":{},"s":{"0":2},"f":{},"b":{},"_coverageSchema":"1a1c01bbd47fc00a2c39e90264f33305004495a9","hash":"6a790f579c15df322ef164c1b898e7741c7100fa"}
,"/home/abraham/Escritorio/WOMPI/checkout-frontend/src/store/paymentSlice.js": {"path":"/home/abraham/Escritorio/WOMPI/checkout-frontend/src/store/paymentSlice.js","statementMap":{"0":{"start":{"line":3,"column":21},"end":{"line":7,"column":1}},"1":{"start":{"line":9,"column":21},"end":{"line":46,"column":2}},"2":{"start":{"line":14,"column":6},"end":{"line":14,"column":45}},"3":{"start":{"line":15,"column":6},"end":{"line":15,"column":39}},"4":{"start":{"line":17,"column":6},"end":{"line":23,"column":8}},"5":{"start":{"line":27,"column":6},"end":{"line":27,"column":43}},"6":{"start":{"line":31,"column":19},"end":{"line":31,"column":50}},"7":{"start":{"line":32,"column":6},"end":{"line":36,"column":7}},"8":{"start":{"line":33,"column":23},"end":{"line":33,"column":39}},"9":{"start":{"line":34,"column":8},"end":{"line":34,"column":39}},"10":{"start":{"line":35,"column":8},"end":{"line":35,"column":33}},"11":{"start":{"line":40,"column":6},"end":{"line":40,"column":27}},"12":{"start":{"line":41,"column":6},"end":{"line":41,"column":24}},"13":{"start":{"line":42,"column":6},"end":{"line":42,"column":33}},"14":{"start":{"line":43,"column":6},"end":{"line":43,"column":41}},"15":{"start":{"line":53,"column":4},"end":{"line":53,"column":24}}},"fnMap":{"0":{"name":"(anonymous_0)","decl":{"start":{"line":13,"column":20},"end":{"line":13,"column":21}},"loc":{"start":{"line":13,"column":39},"end":{"line":24,"column":5}},"line":13},"1":{"name":"(anonymous_1)","decl":{"start":{"line":26,"column":22},"end":{"line":26,"column":23}},"loc":{"start":{"line":26,"column":41},"end":{"line":28,"column":5}},"line":26},"2":{"name":"(anonymous_2)","decl":{"start":{"line":30,"column":21},"end":{"line":30,"column":22}},"loc":{"start":{"line":30,"column":32},"end":{"line":37,"column":5}},"line":30},"3":{"name":"(anonymous_3)","decl":{"start":{"line":39,"column":18},"end":{"line":39,"column":19}},"loc":{"start":{"line":39,"column":29},"end":{"line":44,"column":5}},"line":39}},"branchMap":{"0":{"loc":{"start":{"line":32,"column":6},"end":{"line":36,"column":7}},"type":"if","locations":[{"start":{"line":32,"column":6},"end":{"line":36,"column":7}},{"start":{},"end":{}}],"line":32}},"s":{"0":3,"1":3,"2":1,"3":1,"4":1,"5":0,"6":1,"7":1,"8":0,"9":0,"10":0,"11":0,"12":0,"13":0,"14":0,"15":3},"f":{"0":1,"1":0,"2":1,"3":0},"b":{"0":[0,1]},"_coverageSchema":"1a1c01bbd47fc00a2c39e90264f33305004495a9","hash":"3a1e10519205078c279455cc39f26db88b1695b1"}
}
