TN:
SF:src/hooks/useCheckout.js
FN:14,useCheckout
FN:30,(anonymous_1)
FN:33,(anonymous_2)
FN:42,(anonymous_3)
FN:48,(anonymous_4)
FN:82,(anonymous_5)
FNF:6
FNH:6
FNDA:11,useCheckout
FNDA:1,(anonymous_1)
FNDA:2,(anonymous_2)
FNDA:2,(anonymous_3)
FNDA:6,(anonymous_4)
FNDA:6,(anonymous_5)
DA:15,11
DA:16,11
DA:18,11
DA:26,11
DA:27,11
DA:28,11
DA:30,11
DA:31,1
DA:33,11
DA:34,2
DA:36,2
DA:37,1
DA:38,1
DA:39,1
DA:42,2
DA:48,11
DA:49,6
DA:50,1
DA:51,1
DA:54,5
DA:55,1
DA:56,1
DA:59,4
DA:60,1
DA:61,1
DA:64,3
DA:65,1
DA:66,1
DA:69,2
DA:70,1
DA:71,1
DA:74,1
DA:75,0
DA:76,0
DA:79,1
DA:82,11
DA:83,6
DA:85,1
DA:86,1
DA:89,11
LF:40
LH:38
BRDA:36,0,0,1
BRDA:36,0,1,1
BRDA:39,1,0,1
BRDA:39,1,1,0
BRDA:49,2,0,1
BRDA:49,2,1,5
BRDA:54,3,0,1
BRDA:54,3,1,4
BRDA:59,4,0,1
BRDA:59,4,1,3
BRDA:64,5,0,1
BRDA:64,5,1,2
BRDA:69,6,0,1
BRDA:69,6,1,1
BRDA:74,7,0,0
BRDA:74,7,1,1
BRDA:83,8,0,5
BRDA:83,8,1,1
BRF:18
BRH:16
end_of_record
TN:
SF:src/hooks/usePayment.js
FN:6,usePayment
FN:10,(anonymous_1)
FN:40,(anonymous_2)
FN:43,(anonymous_3)
FNF:4
FNH:4
FNDA:12,usePayment
FNDA:5,(anonymous_1)
FNDA:4,(anonymous_2)
FNDA:14,(anonymous_3)
DA:7,12
DA:8,12
DA:10,12
DA:11,5
DA:13,5
DA:14,5
DA:24,5
DA:26,4
DA:27,4
DA:29,4
DA:32,1
DA:36,1
DA:40,12
DA:41,4
DA:43,4
DA:44,14
DA:45,14
DA:47,14
DA:48,13
DA:50,13
DA:51,1
DA:52,1
DA:53,1
DA:56,13
DA:57,1
DA:58,1
DA:59,1
DA:62,13
DA:63,1
DA:64,1
DA:68,1
DA:69,1
DA:70,1
DA:72,14
DA:77,12
LF:35
LH:35
BRDA:50,0,0,1
BRDA:50,0,1,12
BRDA:56,1,0,1
BRDA:56,1,1,12
BRDA:62,2,0,1
BRDA:62,2,1,12
BRF:6
BRH:6
end_of_record
TN:
SF:src/hooks/useProducts.js
FN:4,useProducts
FN:8,(anonymous_1)
FN:19,(anonymous_2)
FN:23,(anonymous_3)
FNF:4
FNH:4
FNDA:8,useProducts
FNDA:4,(anonymous_1)
FNDA:4,(anonymous_2)
FNDA:4,(anonymous_3)
DA:5,8
DA:6,8
DA:8,8
DA:9,4
DA:10,4
DA:11,3
DA:13,1
DA:15,4
DA:19,8
DA:20,4
DA:23,8
DA:25,8
LF:12
LH:12
BRF:0
BRH:0
end_of_record
TN:
SF:src/pages/CheckoutPage.jsx
FN:6,CheckoutPage
FN:7,(anonymous_1)
FN:10,(anonymous_2)
FN:136,(anonymous_3)
FN:147,(anonymous_4)
FNF:5
FNH:5
FNDA:8,CheckoutPage
FNDA:16,(anonymous_1)
FNDA:8,(anonymous_2)
FNDA:1,(anonymous_3)
FNDA:1,(anonymous_4)
DA:7,16
DA:8,8
DA:10,8
DA:11,8
DA:23,8
DA:25,8
DA:136,1
DA:147,1
LF:8
LH:8
BRDA:85,0,0,8
BRDA:85,0,1,1
BRDA:88,1,0,8
BRDA:88,1,1,1
BRF:4
BRH:4
end_of_record
TN:
SF:src/pages/ProductPage.jsx
FN:6,ProductPage
FN:11,(anonymous_1)
FN:23,(anonymous_2)
FN:43,(anonymous_3)
FNF:4
FNH:4
FNDA:6,ProductPage
FNDA:1,(anonymous_1)
FNDA:6,(anonymous_2)
FNDA:1,(anonymous_3)
DA:7,6
DA:8,6
DA:9,6
DA:11,6
DA:12,1
DA:13,1
DA:16,6
DA:18,5
DA:24,6
DA:43,1
LF:10
LH:10
BRDA:16,0,0,1
BRDA:16,0,1,5
BRF:2
BRH:2
end_of_record
TN:
SF:src/pages/ResultPage.jsx
FN:4,ResultPage
FN:47,(anonymous_1)
FNF:2
FNH:2
FNDA:5,ResultPage
FNDA:1,(anonymous_1)
DA:5,5
DA:6,5
DA:7,5
DA:9,5
DA:47,1
LF:5
LH:5
BRDA:14,0,0,5
BRDA:14,0,1,2
BRDA:15,1,0,5
BRDA:15,1,1,1
BRDA:16,2,0,5
BRDA:16,2,1,1
BRDA:17,3,0,5
BRDA:17,3,1,1
BRDA:20,4,0,5
BRDA:20,4,1,2
BRDA:21,5,0,5
BRDA:21,5,1,1
BRDA:22,6,0,5
BRDA:22,6,1,1
BRDA:23,7,0,5
BRDA:23,7,1,1
BRDA:26,8,0,5
BRDA:26,8,1,2
BRDA:27,9,0,5
BRDA:27,9,1,1
BRDA:28,10,0,5
BRDA:28,10,1,1
BRDA:29,11,0,5
BRDA:29,11,1,1
BRDA:32,12,0,5
BRDA:32,12,1,2
BRDA:35,13,0,5
BRDA:35,13,1,1
BRDA:38,14,0,5
BRDA:38,14,1,1
BRDA:41,15,0,5
BRDA:41,15,1,1
BRF:32
BRH:32
end_of_record
TN:
SF:src/pages/SummaryPage.jsx
FN:8,(anonymous_0)
FN:9,(anonymous_1)
FN:12,(anonymous_2)
FNF:3
FNH:3
FNDA:7,(anonymous_0)
FNDA:14,(anonymous_1)
FNDA:7,(anonymous_2)
DA:8,1
DA:9,14
DA:10,7
DA:12,7
DA:13,7
DA:14,1
DA:18,7
DA:20,6
DA:22,6
DA:24,6
LF:10
LH:10
BRDA:13,0,0,1
BRDA:13,0,1,6
BRDA:18,1,0,1
BRDA:18,1,1,6
BRDA:53,2,0,6
BRDA:53,2,1,1
BRDA:56,3,0,6
BRDA:56,3,1,1
BRDA:80,4,0,6
BRDA:80,4,1,1
BRF:10
BRH:10
end_of_record
TN:
SF:src/services/api.js
FNF:0
FNH:0
DA:3,2
LF:1
LH:1
BRF:0
BRH:0
end_of_record
TN:
SF:src/services/validatador.js
FN:1,(anonymous_0)
FN:24,(anonymous_1)
FN:41,(anonymous_2)
FN:45,(anonymous_3)
FNF:4
FNH:4
FNDA:4,(anonymous_0)
FNDA:5,(anonymous_1)
FNDA:4,(anonymous_2)
FNDA:4,(anonymous_3)
DA:1,2
DA:2,4
DA:4,4
DA:6,2
DA:7,2
DA:9,2
DA:10,32
DA:12,32
DA:13,16
DA:14,16
DA:17,32
DA:18,32
DA:21,2
DA:24,2
DA:25,5
DA:27,4
DA:29,4
DA:31,3
DA:32,3
DA:33,3
DA:35,3
DA:36,2
DA:38,1
DA:41,2
DA:42,4
DA:45,2
DA:46,4
DA:47,3
LF:28
LH:28
BRDA:4,0,0,2
BRDA:4,0,1,2
BRDA:12,1,0,16
BRDA:12,1,1,16
BRDA:14,2,0,4
BRDA:14,2,1,12
BRDA:25,3,0,1
BRDA:25,3,1,4
BRDA:29,4,0,1
BRDA:29,4,1,3
BRDA:29,5,0,4
BRDA:29,5,1,4
BRDA:35,6,0,1
BRDA:35,6,1,2
BRDA:36,7,0,1
BRDA:36,7,1,1
BRDA:36,8,0,2
BRDA:36,8,1,2
BRDA:46,9,0,1
BRDA:46,9,1,3
BRF:20
BRH:20
end_of_record
TN:
SF:src/store/paymentSlice.js
FN:13,(anonymous_0)
FN:26,(anonymous_1)
FN:30,(anonymous_2)
FN:39,(anonymous_3)
FNF:4
FNH:4
FNDA:2,(anonymous_0)
FNDA:1,(anonymous_1)
FNDA:11,(anonymous_2)
FNDA:1,(anonymous_3)
DA:3,6
DA:9,6
DA:14,2
DA:15,2
DA:17,2
DA:27,1
DA:31,11
DA:32,11
DA:33,1
DA:34,1
DA:35,1
DA:40,1
DA:41,1
DA:42,1
DA:43,1
DA:53,6
LF:16
LH:16
BRDA:32,0,0,1
BRDA:32,0,1,10
BRF:2
BRH:2
end_of_record
