TN:
SF:src/pages/CheckoutPage.jsx
FN:11,CheckoutPage
FN:12,(anonymous_1)
FN:15,(anonymous_2)
FN:31,(anonymous_3)
FN:38,(anonymous_4)
FN:54,(anonymous_5)
FN:201,(anonymous_6)
FN:212,(anonymous_7)
FNF:8
FNH:8
FNDA:15,CheckoutPage
FNDA:22,(anonymous_1)
FNDA:3,(anonymous_2)
FNDA:1,(anonymous_3)
FNDA:5,(anonymous_4)
FNDA:2,(anonymous_5)
FNDA:1,(anonymous_6)
FNDA:1,(anonymous_7)
DA:12,22
DA:13,15
DA:14,15
DA:15,15
DA:16,3
DA:19,15
DA:27,15
DA:28,15
DA:29,15
DA:31,15
DA:32,1
DA:38,15
DA:39,5
DA:41,5
DA:42,1
DA:44,1
DA:45,1
DA:48,5
DA:54,15
DA:55,2
DA:57,2
DA:58,0
DA:59,0
DA:62,2
DA:63,0
DA:64,0
DA:67,2
DA:68,0
DA:69,0
DA:72,2
DA:73,0
DA:74,0
DA:77,2
DA:78,1
DA:79,1
DA:82,1
DA:83,0
DA:84,0
DA:86,1
DA:87,1
DA:90,15
DA:201,1
DA:212,1
LF:43
LH:33
BRDA:41,0,0,1
BRDA:41,0,1,4
BRDA:45,1,0,1
BRDA:45,1,1,0
BRDA:57,2,0,0
BRDA:57,2,1,2
BRDA:62,3,0,0
BRDA:62,3,1,2
BRDA:67,4,0,0
BRDA:67,4,1,2
BRDA:72,5,0,0
BRDA:72,5,1,2
BRDA:77,6,0,1
BRDA:77,6,1,1
BRDA:82,7,0,0
BRDA:82,7,1,1
BRDA:150,8,0,15
BRDA:150,8,1,9
BRDA:153,9,0,15
BRDA:153,9,1,0
BRF:20
BRH:13
end_of_record
TN:
SF:src/pages/ProductPage.jsx
FN:7,ProductPage
FN:12,(anonymous_1)
FN:13,(anonymous_2)
FN:22,(anonymous_3)
FN:23,(anonymous_4)
FN:39,(anonymous_5)
FNF:6
FNH:6
FNDA:11,ProductPage
FNDA:6,(anonymous_1)
FNDA:6,(anonymous_2)
FNDA:5,(anonymous_3)
FNDA:4,(anonymous_4)
FNDA:1,(anonymous_5)
DA:8,11
DA:9,11
DA:10,11
DA:12,11
DA:13,6
DA:16,11
DA:22,5
DA:24,4
DA:40,1
DA:41,1
LF:10
LH:10
BRF:0
BRH:0
end_of_record
TN:
SF:src/pages/ResultPage.jsx
FN:4,ResultPage
FN:47,(anonymous_1)
FNF:2
FNH:2
FNDA:5,ResultPage
FNDA:1,(anonymous_1)
DA:5,5
DA:6,5
DA:7,5
DA:9,5
DA:47,1
LF:5
LH:5
BRDA:14,0,0,5
BRDA:14,0,1,2
BRDA:15,1,0,5
BRDA:15,1,1,1
BRDA:16,2,0,5
BRDA:16,2,1,1
BRDA:17,3,0,5
BRDA:17,3,1,1
BRDA:20,4,0,5
BRDA:20,4,1,2
BRDA:21,5,0,5
BRDA:21,5,1,1
BRDA:22,6,0,5
BRDA:22,6,1,1
BRDA:23,7,0,5
BRDA:23,7,1,1
BRDA:26,8,0,5
BRDA:26,8,1,2
BRDA:27,9,0,5
BRDA:27,9,1,1
BRDA:28,10,0,5
BRDA:28,10,1,1
BRDA:29,11,0,5
BRDA:29,11,1,1
BRDA:32,12,0,5
BRDA:32,12,1,2
BRDA:35,13,0,5
BRDA:35,13,1,1
BRDA:38,14,0,5
BRDA:38,14,1,1
BRDA:41,15,0,5
BRDA:41,15,1,1
BRF:32
BRH:32
end_of_record
TN:
SF:src/pages/SummaryPage.jsx
FN:11,(anonymous_0)
FN:13,(anonymous_1)
FN:16,(anonymous_2)
FN:29,(anonymous_3)
FN:62,(anonymous_4)
FN:65,(anonymous_5)
FNF:6
FNH:6
FNDA:12,(anonymous_0)
FNDA:18,(anonymous_1)
FNDA:6,(anonymous_2)
FNDA:4,(anonymous_3)
FNDA:3,(anonymous_4)
FNDA:3,(anonymous_5)
DA:11,1
DA:12,12
DA:13,18
DA:14,12
DA:15,12
DA:16,12
DA:17,6
DA:18,1
DA:22,12
DA:23,1
DA:26,11
DA:27,11
DA:29,11
DA:30,4
DA:31,4
DA:32,4
DA:42,4
DA:44,3
DA:45,3
DA:46,3
DA:47,3
DA:50,1
DA:51,1
DA:58,1
DA:62,11
DA:63,3
DA:65,3
DA:66,3
DA:67,3
DA:69,3
DA:70,3
DA:72,3
DA:73,2
DA:74,2
DA:75,2
DA:78,3
DA:79,1
DA:80,1
DA:81,1
DA:85,3
DA:86,0
DA:87,0
DA:91,0
DA:92,0
DA:93,0
DA:94,0
DA:96,3
DA:101,11
LF:48
LH:42
BRDA:17,0,0,1
BRDA:17,0,1,5
BRDA:22,1,0,1
BRDA:22,1,1,11
BRDA:72,2,0,2
BRDA:72,2,1,1
BRDA:78,3,0,1
BRDA:78,3,1,2
BRDA:85,4,0,0
BRDA:85,4,1,3
BRDA:130,5,0,11
BRDA:130,5,1,11
BRDA:133,6,0,11
BRDA:133,6,1,0
BRDA:157,7,0,11
BRDA:157,7,1,4
BRF:16
BRH:14
end_of_record
TN:
SF:src/services/api.js
FNF:0
FNH:0
DA:3,2
LF:1
LH:1
BRF:0
BRH:0
end_of_record
TN:
SF:src/store/paymentSlice.js
FN:13,(anonymous_0)
FN:26,(anonymous_1)
FN:30,(anonymous_2)
FN:39,(anonymous_3)
FNF:4
FNH:2
FNDA:1,(anonymous_0)
FNDA:0,(anonymous_1)
FNDA:1,(anonymous_2)
FNDA:0,(anonymous_3)
DA:3,3
DA:9,3
DA:14,1
DA:15,1
DA:17,1
DA:27,0
DA:31,1
DA:32,1
DA:33,0
DA:34,0
DA:35,0
DA:40,0
DA:41,0
DA:42,0
DA:43,0
DA:53,3
LF:16
LH:8
BRDA:32,0,0,0
BRDA:32,0,1,1
BRF:2
BRH:1
end_of_record
